{"/Users/manefastekolnikova/testdiscount/src/DiscountService.js": {"path":"/Users/manefastekolnikova/testdiscount/src/DiscountService.js","statementMap":{"0":{"start":{"line":3,"column":6},"end":{"line":3,"column":27}},"1":{"start":{"line":4,"column":6},"end":{"line":4,"column":24}},"2":{"start":{"line":7,"column":26},"end":{"line":9,"column":5}},"3":{"start":{"line":8,"column":6},"end":{"line":8,"column":31}},"4":{"start":{"line":12,"column":20},"end":{"line":23,"column":5}},"5":{"start":{"line":14,"column":6},"end":{"line":16,"column":7}},"6":{"start":{"line":15,"column":8},"end":{"line":15,"column":59}},"7":{"start":{"line":18,"column":30},"end":{"line":18,"column":56}},"8":{"start":{"line":20,"column":6},"end":{"line":20,"column":67}},"9":{"start":{"line":22,"column":6},"end":{"line":22,"column":29}},"10":{"start":{"line":26,"column":25},"end":{"line":28,"column":5}},"11":{"start":{"line":27,"column":6},"end":{"line":27,"column":26}},"12":{"start":{"line":30,"column":19},"end":{"line":32,"column":5}},"13":{"start":{"line":31,"column":6},"end":{"line":31,"column":24}}},"fnMap":{"0":{"name":"(anonymous_0)","decl":{"start":{"line":2,"column":4},"end":{"line":2,"column":5}},"loc":{"start":{"line":2,"column":18},"end":{"line":5,"column":5}},"line":2},"1":{"name":"(anonymous_1)","decl":{"start":{"line":7,"column":26},"end":{"line":7,"column":27}},"loc":{"start":{"line":7,"column":40},"end":{"line":9,"column":5}},"line":7},"2":{"name":"(anonymous_2)","decl":{"start":{"line":12,"column":20},"end":{"line":12,"column":21}},"loc":{"start":{"line":12,"column":31},"end":{"line":23,"column":5}},"line":12},"3":{"name":"(anonymous_3)","decl":{"start":{"line":26,"column":25},"end":{"line":26,"column":26}},"loc":{"start":{"line":26,"column":31},"end":{"line":28,"column":5}},"line":26},"4":{"name":"(anonymous_4)","decl":{"start":{"line":30,"column":19},"end":{"line":30,"column":20}},"loc":{"start":{"line":30,"column":25},"end":{"line":32,"column":5}},"line":30}},"branchMap":{"0":{"loc":{"start":{"line":14,"column":6},"end":{"line":16,"column":7}},"type":"if","locations":[{"start":{"line":14,"column":6},"end":{"line":16,"column":7}},{"start":{},"end":{}}],"line":14}},"s":{"0":4,"1":4,"2":4,"3":3,"4":4,"5":4,"6":1,"7":3,"8":3,"9":3,"10":4,"11":2,"12":4,"13":1},"f":{"0":4,"1":3,"2":4,"3":2,"4":1},"b":{"0":[1,3]},"_coverageSchema":"1a1c01bbd47fc00a2c39e90264f33305004495a9","hash":"fe134878266295c208bdb2c3a8e8a4e4575a7699"}
}
